#
# There is insufficient memory for the Java Runtime Environment to continue.
# Native memory allocation (malloc) failed to allocate 32744 bytes for Chunk::new
# Possible reasons:
#   The system is out of physical RAM or swap space
#   The process is running with CompressedOops enabled, and the Java Heap may be blocking the growth of the native heap
# Possible solutions:
#   Reduce memory load on the system
#   Increase physical memory or swap space
#   Check if swap backing store is full
#   Decrease Java heap size (-Xmx/-Xms)
#   Decrease number of Java threads
#   Decrease Java thread stack sizes (-Xss)
#   Set larger code cache with -XX:ReservedCodeCacheSize=
#   JVM is running with Zero Based Compressed Oops mode in which the Java heap is
#     placed in the first 32GB address space. The Java Heap base address is the
#     maximum limit for the native heap growth. Please use -XX:HeapBaseMinAddress
#     to set the Java Heap base and to place the Java Heap above 32GB virtual address.
# This output file may be truncated or incomplete.
#
#  Out of Memory Error (arena.cpp:184), pid=21316, tid=8168
#
# JRE version: OpenJDK Runtime Environment (18.0.1.1+2) (build 18.0.1.1+2-6)
# Java VM: OpenJDK 64-Bit Server VM (18.0.1.1+2-6, mixed mode, sharing, tiered, compressed oops, compressed class ptrs, g1 gc, windows-amd64)
# No core dump will be written. Minidumps are not enabled by default on client versions of Windows
#

---------------  S U M M A R Y ------------

Command Line: -javaagent:C:\Program Files\JetBrains\IntelliJ IDEA 2022.1\lib\idea_rt.jar=63335:C:\Program Files\JetBrains\IntelliJ IDEA 2022.1\bin -Dfile.encoding=UTF-8 Main

Host: Intel(R) Core(TM) i7-6820HQ CPU @ 2.70GHz, 8 cores, 15G,  Windows 10 , 64 bit Build 19041 (10.0.19041.2251)
Time: Tue Nov 29 22:08:28 2022 Egypt Standard Time elapsed time: 0.125398 seconds (0d 0h 0m 0s)

---------------  T H R E A D  ---------------

Current thread (0x000001b4b3d84d20):  JavaThread "C2 CompilerThread0" daemon [_thread_in_native, id=8168, stack(0x0000004d29f00000,0x0000004d2a000000)]


Current CompileTask:
C2:    125  119       4       java.util.ImmutableCollections$SetN$SetNIterator::hasNext (13 bytes)

Stack: [0x0000004d29f00000,0x0000004d2a000000]
Native frames: (J=compiled Java code, j=interpreted, Vv=VM code, C=native code)
V  [jvm.dll+0x69887a]
V  [jvm.dll+0x7f38bd]
V  [jvm.dll+0x7f51ce]
V  [jvm.dll+0x7f5883]
V  [jvm.dll+0x25ca3f]
V  [jvm.dll+0xb8c2f]
V  [jvm.dll+0xb8fa5]
V  [jvm.dll+0x6c19e8]
V  [jvm.dll+0x1d2a74]
V  [jvm.dll+0x22fd79]
V  [jvm.dll+0x22eff1]
V  [jvm.dll+0x1b9cfc]
V  [jvm.dll+0x23e8ca]
V  [jvm.dll+0x23cbb5]
V  [jvm.dll+0x7a5fb1]
V  [jvm.dll+0x7a03ea]
V  [jvm.dll+0x697725]
C  [ucrtbase.dll+0x21bb2]
C  [KERNEL32.DLL+0x174b4]
C  [ntdll.dll+0x526a1]


---------------  P R O C E S S  ---------------

Threads class SMR info:
_java_thread_list=0x000001b4b8069830, length=11, elements={
0x000001b490fff460, 0x000001b4b3d5e660, 0x000001b4b3d5f1d0, 0x000001b4b3d785d0,
0x000001b4b3d78e80, 0x000001b4b3d7b740, 0x000001b4b3d7bff0, 0x000001b4b3d84d20,
0x000001b4b3da9db0, 0x000001b4b3db5100, 0x000001b4b3d4bcc0
}

Java Threads: ( => current thread )
  0x000001b490fff460 JavaThread "main" [_thread_in_vm, id=15792, stack(0x0000004d29200000,0x0000004d29300000)]
  0x000001b4b3d5e660 JavaThread "Reference Handler" daemon [_thread_blocked, id=10204, stack(0x0000004d29900000,0x0000004d29a00000)]
  0x000001b4b3d5f1d0 JavaThread "Finalizer" daemon [_thread_blocked, id=6944, stack(0x0000004d29a00000,0x0000004d29b00000)]
  0x000001b4b3d785d0 JavaThread "Signal Dispatcher" daemon [_thread_blocked, id=15016, stack(0x0000004d29b00000,0x0000004d29c00000)]
  0x000001b4b3d78e80 JavaThread "Attach Listener" daemon [_thread_blocked, id=9108, stack(0x0000004d29c00000,0x0000004d29d00000)]
  0x000001b4b3d7b740 JavaThread "Service Thread" daemon [_thread_blocked, id=13584, stack(0x0000004d29d00000,0x0000004d29e00000)]
  0x000001b4b3d7bff0 JavaThread "Monitor Deflation Thread" daemon [_thread_blocked, id=14300, stack(0x0000004d29e00000,0x0000004d29f00000)]
=>0x000001b4b3d84d20 JavaThread "C2 CompilerThread0" daemon [_thread_in_native, id=8168, stack(0x0000004d29f00000,0x0000004d2a000000)]
  0x000001b4b3da9db0 JavaThread "C1 CompilerThread0" daemon [_thread_in_vm, id=21108, stack(0x0000004d2a000000,0x0000004d2a100000)]
  0x000001b4b3db5100 JavaThread "Sweeper thread" daemon [_thread_blocked, id=18644, stack(0x0000004d2a100000,0x0000004d2a200000)]
  0x000001b4b3d4bcc0 JavaThread "Common-Cleaner" daemon [_thread_blocked, id=6484, stack(0x0000004d2a200000,0x0000004d2a300000)]

Other Threads:
  0x000001b4b3d5b750 VMThread "VM Thread" [stack: 0x0000004d29800000,0x0000004d29900000] [id=5252]
  0x000001b491072660 WorkerThread "GC Thread#0" [stack: 0x0000004d29300000,0x0000004d29400000] [id=6316]
  0x000001b491083a80 ConcurrentGCThread "G1 Main Marker" [stack: 0x0000004d29400000,0x0000004d29500000] [id=18532]
  0x000001b491084380 WorkerThread "G1 Conc#0" [stack: 0x0000004d29500000,0x0000004d29600000] [id=11092]
  0x000001b4910cdfd0 ConcurrentGCThread "G1 Refine#0" [stack: 0x0000004d29600000,0x0000004d29700000] [id=2712]
  0x000001b4910ce7f0 ConcurrentGCThread "G1 Service" [stack: 0x0000004d29700000,0x0000004d29800000] [id=6768]

Threads with active compile tasks:
C2 CompilerThread0      180  119       4       java.util.ImmutableCollections$SetN$SetNIterator::hasNext (13 bytes)
C1 CompilerThread0      180  190       3       java.lang.invoke.MethodType::equals (31 bytes)

VM state: not at safepoint (normal execution)

VM Mutex/Monitor currently owned by a thread: None

Heap address: 0x0000000701c00000, size: 4068 MB, Compressed Oops mode: Zero based, Oop shift amount: 3

CDS archive(s) mapped at: [0x0000000800000000-0x0000000800b90000-0x0000000800b90000), size 12124160, SharedBaseAddress: 0x0000000800000000, ArchiveRelocationMode: 0.
Compressed class space mapped at: 0x0000000800c00000-0x0000000840c00000, reserved size: 1073741824
Narrow klass base: 0x0000000800000000, Narrow klass shift: 0, Narrow klass range: 0x100000000

GC Precious Log:
 CardTable entry size: 512
 Card Set container configuration: InlinePtr #cards 4 size 8 Array Of Cards #cards 16 size 48 Howl #buckets 8 coarsen threshold 3686 Howl Bitmap #cards 512 size 80 coarsen threshold 460 Card regions per heap region 1 cards per card region 4096
 CPUs: 8 total, 8 available
 Memory: 16264M
 Large Page Support: Disabled
 NUMA Support: Disabled
 Compressed Oops: Enabled (Zero based)
 Heap Region Size: 2M
 Heap Min Capacity: 8M
 Heap Initial Capacity: 256M
 Heap Max Capacity: 4068M
 Pre-touch: Disabled
 Parallel Workers: 8
 Concurrent Workers: 2
 Concurrent Refinement Workers: 8
 Periodic GC: Disabled

Heap:
 garbage-first heap   total 262144K, used 2048K [0x0000000701c00000, 0x0000000800000000)
  region size 2048K, 2 young (4096K), 0 survivors (0K)
 Metaspace       used 332K, committed 512K, reserved 1114112K
  class space    used 15K, committed 128K, reserved 1048576K

Heap Regions: E=young(eden), S=young(survivor), O=old, HS=humongous(starts), HC=humongous(continues), CS=collection set, F=free, OA=open archive, CA=closed archive, TAMS=top-at-mark-start (previous, next)
|   0|0x0000000701c00000, 0x0000000701c00000, 0x0000000701e00000|  0%| F|  |TAMS 0x0000000701c00000, 0x0000000701c00000| Untracked 
|   1|0x0000000701e00000, 0x0000000701e00000, 0x0000000702000000|  0%| F|  |TAMS 0x0000000701e00000, 0x0000000701e00000| Untracked 
|   2|0x0000000702000000, 0x0000000702000000, 0x0000000702200000|  0%| F|  |TAMS 0x0000000702000000, 0x0000000702000000| Untracked 
|   3|0x0000000702200000, 0x0000000702200000, 0x0000000702400000|  0%| F|  |TAMS 0x0000000702200000, 0x0000000702200000| Untracked 
|   4|0x0000000702400000, 0x0000000702400000, 0x0000000702600000|  0%| F|  |TAMS 0x0000000702400000, 0x0000000702400000| Untracked 
|   5|0x0000000702600000, 0x0000000702600000, 0x0000000702800000|  0%| F|  |TAMS 0x0000000702600000, 0x0000000702600000| Untracked 
|   6|0x0000000702800000, 0x0000000702800000, 0x0000000702a00000|  0%| F|  |TAMS 0x0000000702800000, 0x0000000702800000| Untracked 
|   7|0x0000000702a00000, 0x0000000702a00000, 0x0000000702c00000|  0%| F|  |TAMS 0x0000000702a00000, 0x0000000702a00000| Untracked 
|   8|0x0000000702c00000, 0x0000000702c00000, 0x0000000702e00000|  0%| F|  |TAMS 0x0000000702c00000, 0x0000000702c00000| Untracked 
|   9|0x0000000702e00000, 0x0000000702e00000, 0x0000000703000000|  0%| F|  |TAMS 0x0000000702e00000, 0x0000000702e00000| Untracked 
|  10|0x0000000703000000, 0x0000000703000000, 0x0000000703200000|  0%| F|  |TAMS 0x0000000703000000, 0x0000000703000000| Untracked 
|  11|0x0000000703200000, 0x0000000703200000, 0x0000000703400000|  0%| F|  |TAMS 0x0000000703200000, 0x0000000703200000| Untracked 
|  12|0x0000000703400000, 0x0000000703400000, 0x0000000703600000|  0%| F|  |TAMS 0x0000000703400000, 0x0000000703400000| Untracked 
|  13|0x0000000703600000, 0x0000000703600000, 0x0000000703800000|  0%| F|  |TAMS 0x0000000703600000, 0x0000000703600000| Untracked 
|  14|0x0000000703800000, 0x0000000703800000, 0x0000000703a00000|  0%| F|  |TAMS 0x0000000703800000, 0x0000000703800000| Untracked 
|  15|0x0000000703a00000, 0x0000000703a00000, 0x0000000703c00000|  0%| F|  |TAMS 0x0000000703a00000, 0x0000000703a00000| Untracked 
|  16|0x0000000703c00000, 0x0000000703c00000, 0x0000000703e00000|  0%| F|  |TAMS 0x0000000703c00000, 0x0000000703c00000| Untracked 
|  17|0x0000000703e00000, 0x0000000703e00000, 0x0000000704000000|  0%| F|  |TAMS 0x0000000703e00000, 0x0000000703e00000| Untracked 
|  18|0x0000000704000000, 0x0000000704000000, 0x0000000704200000|  0%| F|  |TAMS 0x0000000704000000, 0x0000000704000000| Untracked 
|  19|0x0000000704200000, 0x0000000704200000, 0x0000000704400000|  0%| F|  |TAMS 0x0000000704200000, 0x0000000704200000| Untracked 
|  20|0x0000000704400000, 0x0000000704400000, 0x0000000704600000|  0%| F|  |TAMS 0x0000000704400000, 0x0000000704400000| Untracked 
|  21|0x0000000704600000, 0x0000000704600000, 0x0000000704800000|  0%| F|  |TAMS 0x0000000704600000, 0x0000000704600000| Untracked 
|  22|0x0000000704800000, 0x0000000704800000, 0x0000000704a00000|  0%| F|  |TAMS 0x0000000704800000, 0x0000000704800000| Untracked 
|  23|0x0000000704a00000, 0x0000000704a00000, 0x0000000704c00000|  0%| F|  |TAMS 0x0000000704a00000, 0x0000000704a00000| Untracked 
|  24|0x0000000704c00000, 0x0000000704c00000, 0x0000000704e00000|  0%| F|  |TAMS 0x0000000704c00000, 0x0000000704c00000| Untracked 
|  25|0x0000000704e00000, 0x0000000704e00000, 0x0000000705000000|  0%| F|  |TAMS 0x0000000704e00000, 0x0000000704e00000| Untracked 
|  26|0x0000000705000000, 0x0000000705000000, 0x0000000705200000|  0%| F|  |TAMS 0x0000000705000000, 0x0000000705000000| Untracked 
|  27|0x0000000705200000, 0x0000000705200000, 0x0000000705400000|  0%| F|  |TAMS 0x0000000705200000, 0x0000000705200000| Untracked 
|  28|0x0000000705400000, 0x0000000705400000, 0x0000000705600000|  0%| F|  |TAMS 0x0000000705400000, 0x0000000705400000| Untracked 
|  29|0x0000000705600000, 0x0000000705600000, 0x0000000705800000|  0%| F|  |TAMS 0x0000000705600000, 0x0000000705600000| Untracked 
|  30|0x0000000705800000, 0x0000000705800000, 0x0000000705a00000|  0%| F|  |TAMS 0x0000000705800000, 0x0000000705800000| Untracked 
|  31|0x0000000705a00000, 0x0000000705a00000, 0x0000000705c00000|  0%| F|  |TAMS 0x0000000705a00000, 0x0000000705a00000| Untracked 
|  32|0x0000000705c00000, 0x0000000705c00000, 0x0000000705e00000|  0%| F|  |TAMS 0x0000000705c00000, 0x0000000705c00000| Untracked 
|  33|0x0000000705e00000, 0x0000000705e00000, 0x0000000706000000|  0%| F|  |TAMS 0x0000000705e00000, 0x0000000705e00000| Untracked 
|  34|0x0000000706000000, 0x0000000706000000, 0x0000000706200000|  0%| F|  |TAMS 0x0000000706000000, 0x0000000706000000| Untracked 
|  35|0x0000000706200000, 0x0000000706200000, 0x0000000706400000|  0%| F|  |TAMS 0x0000000706200000, 0x0000000706200000| Untracked 
|  36|0x0000000706400000, 0x0000000706400000, 0x0000000706600000|  0%| F|  |TAMS 0x0000000706400000, 0x0000000706400000| Untracked 
|  37|0x0000000706600000, 0x0000000706600000, 0x0000000706800000|  0%| F|  |TAMS 0x0000000706600000, 0x0000000706600000| Untracked 
|  38|0x0000000706800000, 0x0000000706800000, 0x0000000706a00000|  0%| F|  |TAMS 0x0000000706800000, 0x0000000706800000| Untracked 
|  39|0x0000000706a00000, 0x0000000706a00000, 0x0000000706c00000|  0%| F|  |TAMS 0x0000000706a00000, 0x0000000706a00000| Untracked 
|  40|0x0000000706c00000, 0x0000000706c00000, 0x0000000706e00000|  0%| F|  |TAMS 0x0000000706c00000, 0x0000000706c00000| Untracked 
|  41|0x0000000706e00000, 0x0000000706e00000, 0x0000000707000000|  0%| F|  |TAMS 0x0000000706e00000, 0x0000000706e00000| Untracked 
|  42|0x0000000707000000, 0x0000000707000000, 0x0000000707200000|  0%| F|  |TAMS 0x0000000707000000, 0x0000000707000000| Untracked 
|  43|0x0000000707200000, 0x0000000707200000, 0x0000000707400000|  0%| F|  |TAMS 0x0000000707200000, 0x0000000707200000| Untracked 
|  44|0x0000000707400000, 0x0000000707400000, 0x0000000707600000|  0%| F|  |TAMS 0x0000000707400000, 0x0000000707400000| Untracked 
|  45|0x0000000707600000, 0x0000000707600000, 0x0000000707800000|  0%| F|  |TAMS 0x0000000707600000, 0x0000000707600000| Untracked 
|  46|0x0000000707800000, 0x0000000707800000, 0x0000000707a00000|  0%| F|  |TAMS 0x0000000707800000, 0x0000000707800000| Untracked 
|  47|0x0000000707a00000, 0x0000000707a00000, 0x0000000707c00000|  0%| F|  |TAMS 0x0000000707a00000, 0x0000000707a00000| Untracked 
|  48|0x0000000707c00000, 0x0000000707c00000, 0x0000000707e00000|  0%| F|  |TAMS 0x0000000707c00000, 0x0000000707c00000| Untracked 
|  49|0x0000000707e00000, 0x0000000707e00000, 0x0000000708000000|  0%| F|  |TAMS 0x0000000707e00000, 0x0000000707e00000| Untracked 
|  50|0x0000000708000000, 0x0000000708000000, 0x0000000708200000|  0%| F|  |TAMS 0x0000000708000000, 0x0000000708000000| Untracked 
|  51|0x0000000708200000, 0x0000000708200000, 0x0000000708400000|  0%| F|  |TAMS 0x0000000708200000, 0x0000000708200000| Untracked 
|  52|0x0000000708400000, 0x0000000708400000, 0x0000000708600000|  0%| F|  |TAMS 0x0000000708400000, 0x0000000708400000| Untracked 
|  53|0x0000000708600000, 0x0000000708600000, 0x0000000708800000|  0%| F|  |TAMS 0x0000000708600000, 0x0000000708600000| Untracked 
|  54|0x0000000708800000, 0x0000000708800000, 0x0000000708a00000|  0%| F|  |TAMS 0x0000000708800000, 0x0000000708800000| Untracked 
|  55|0x0000000708a00000, 0x0000000708a00000, 0x0000000708c00000|  0%| F|  |TAMS 0x0000000708a00000, 0x0000000708a00000| Untracked 
|  56|0x0000000708c00000, 0x0000000708c00000, 0x0000000708e00000|  0%| F|  |TAMS 0x0000000708c00000, 0x0000000708c00000| Untracked 
|  57|0x0000000708e00000, 0x0000000708e00000, 0x0000000709000000|  0%| F|  |TAMS 0x0000000708e00000, 0x0000000708e00000| Untracked 
|  58|0x0000000709000000, 0x0000000709000000, 0x0000000709200000|  0%| F|  |TAMS 0x0000000709000000, 0x0000000709000000| Untracked 
|  59|0x0000000709200000, 0x0000000709200000, 0x0000000709400000|  0%| F|  |TAMS 0x0000000709200000, 0x0000000709200000| Untracked 
|  60|0x0000000709400000, 0x0000000709400000, 0x0000000709600000|  0%| F|  |TAMS 0x0000000709400000, 0x0000000709400000| Untracked 
|  61|0x0000000709600000, 0x0000000709600000, 0x0000000709800000|  0%| F|  |TAMS 0x0000000709600000, 0x0000000709600000| Untracked 
|  62|0x0000000709800000, 0x0000000709800000, 0x0000000709a00000|  0%| F|  |TAMS 0x0000000709800000, 0x0000000709800000| Untracked 
|  63|0x0000000709a00000, 0x0000000709a00000, 0x0000000709c00000|  0%| F|  |TAMS 0x0000000709a00000, 0x0000000709a00000| Untracked 
|  64|0x0000000709c00000, 0x0000000709c00000, 0x0000000709e00000|  0%| F|  |TAMS 0x0000000709c00000, 0x0000000709c00000| Untracked 
|  65|0x0000000709e00000, 0x0000000709e00000, 0x000000070a000000|  0%| F|  |TAMS 0x0000000709e00000, 0x0000000709e00000| Untracked 
|  66|0x000000070a000000, 0x000000070a000000, 0x000000070a200000|  0%| F|  |TAMS 0x000000070a000000, 0x000000070a000000| Untracked 
|  67|0x000000070a200000, 0x000000070a200000, 0x000000070a400000|  0%| F|  |TAMS 0x000000070a200000, 0x000000070a200000| Untracked 
|  68|0x000000070a400000, 0x000000070a400000, 0x000000070a600000|  0%| F|  |TAMS 0x000000070a400000, 0x000000070a400000| Untracked 
|  69|0x000000070a600000, 0x000000070a600000, 0x000000070a800000|  0%| F|  |TAMS 0x000000070a600000, 0x000000070a600000| Untracked 
|  70|0x000000070a800000, 0x000000070a800000, 0x000000070aa00000|  0%| F|  |TAMS 0x000000070a800000, 0x000000070a800000| Untracked 
|  71|0x000000070aa00000, 0x000000070aa00000, 0x000000070ac00000|  0%| F|  |TAMS 0x000000070aa00000, 0x000000070aa00000| Untracked 
|  72|0x000000070ac00000, 0x000000070ac00000, 0x000000070ae00000|  0%| F|  |TAMS 0x000000070ac00000, 0x000000070ac00000| Untracked 
|  73|0x000000070ae00000, 0x000000070ae00000, 0x000000070b000000|  0%| F|  |TAMS 0x000000070ae00000, 0x000000070ae00000| Untracked 
|  74|0x000000070b000000, 0x000000070b000000, 0x000000070b200000|  0%| F|  |TAMS 0x000000070b000000, 0x000000070b000000| Untracked 
|  75|0x000000070b200000, 0x000000070b200000, 0x000000070b400000|  0%| F|  |TAMS 0x000000070b200000, 0x000000070b200000| Untracked 
|  76|0x000000070b400000, 0x000000070b400000, 0x000000070b600000|  0%| F|  |TAMS 0x000000070b400000, 0x000000070b400000| Untracked 
|  77|0x000000070b600000, 0x000000070b600000, 0x000000070b800000|  0%| F|  |TAMS 0x000000070b600000, 0x000000070b600000| Untracked 
|  78|0x000000070b800000, 0x000000070b800000, 0x000000070ba00000|  0%| F|  |TAMS 0x000000070b800000, 0x000000070b800000| Untracked 
|  79|0x000000070ba00000, 0x000000070ba00000, 0x000000070bc00000|  0%| F|  |TAMS 0x000000070ba00000, 0x000000070ba00000| Untracked 
|  80|0x000000070bc00000, 0x000000070bc00000, 0x000000070be00000|  0%| F|  |TAMS 0x000000070bc00000, 0x000000070bc00000| Untracked 
|  81|0x000000070be00000, 0x000000070be00000, 0x000000070c000000|  0%| F|  |TAMS 0x000000070be00000, 0x000000070be00000| Untracked 
|  82|0x000000070c000000, 0x000000070c000000, 0x000000070c200000|  0%| F|  |TAMS 0x000000070c000000, 0x000000070c000000| Untracked 
|  83|0x000000070c200000, 0x000000070c200000, 0x000000070c400000|  0%| F|  |TAMS 0x000000070c200000, 0x000000070c200000| Untracked 
|  84|0x000000070c400000, 0x000000070c400000, 0x000000070c600000|  0%| F|  |TAMS 0x000000070c400000, 0x000000070c400000| Untracked 
|  85|0x000000070c600000, 0x000000070c600000, 0x000000070c800000|  0%| F|  |TAMS 0x000000070c600000, 0x000000070c600000| Untracked 
|  86|0x000000070c800000, 0x000000070c800000, 0x000000070ca00000|  0%| F|  |TAMS 0x000000070c800000, 0x000000070c800000| Untracked 
|  87|0x000000070ca00000, 0x000000070ca00000, 0x000000070cc00000|  0%| F|  |TAMS 0x000000070ca00000, 0x000000070ca00000| Untracked 
|  88|0x000000070cc00000, 0x000000070cc00000, 0x000000070ce00000|  0%| F|  |TAMS 0x000000070cc00000, 0x000000070cc00000| Untracked 
|  89|0x000000070ce00000, 0x000000070ce00000, 0x000000070d000000|  0%| F|  |TAMS 0x000000070ce00000, 0x000000070ce00000| Untracked 
|  90|0x000000070d000000, 0x000000070d000000, 0x000000070d200000|  0%| F|  |TAMS 0x000000070d000000, 0x000000070d000000| Untracked 
|  91|0x000000070d200000, 0x000000070d200000, 0x000000070d400000|  0%| F|  |TAMS 0x000000070d200000, 0x000000070d200000| Untracked 
|  92|0x000000070d400000, 0x000000070d400000, 0x000000070d600000|  0%| F|  |TAMS 0x000000070d400000, 0x000000070d400000| Untracked 
|  93|0x000000070d600000, 0x000000070d600000, 0x000000070d800000|  0%| F|  |TAMS 0x000000070d600000, 0x000000070d600000| Untracked 
|  94|0x000000070d800000, 0x000000070d800000, 0x000000070da00000|  0%| F|  |TAMS 0x000000070d800000, 0x000000070d800000| Untracked 
|  95|0x000000070da00000, 0x000000070da00000, 0x000000070dc00000|  0%| F|  |TAMS 0x000000070da00000, 0x000000070da00000| Untracked 
|  96|0x000000070dc00000, 0x000000070dc00000, 0x000000070de00000|  0%| F|  |TAMS 0x000000070dc00000, 0x000000070dc00000| Untracked 
|  97|0x000000070de00000, 0x000000070de00000, 0x000000070e000000|  0%| F|  |TAMS 0x000000070de00000, 0x000000070de00000| Untracked 
|  98|0x000000070e000000, 0x000000070e000000, 0x000000070e200000|  0%| F|  |TAMS 0x000000070e000000, 0x000000070e000000| Untracked 
|  99|0x000000070e200000, 0x000000070e200000, 0x000000070e400000|  0%| F|  |TAMS 0x000000070e200000, 0x000000070e200000| Untracked 
| 100|0x000000070e400000, 0x000000070e400000, 0x000000070e600000|  0%| F|  |TAMS 0x000000070e400000, 0x000000070e400000| Untracked 
| 101|0x000000070e600000, 0x000000070e600000, 0x000000070e800000|  0%| F|  |TAMS 0x000000070e600000, 0x000000070e600000| Untracked 
| 102|0x000000070e800000, 0x000000070e800000, 0x000000070ea00000|  0%| F|  |TAMS 0x000000070e800000, 0x000000070e800000| Untracked 
| 103|0x000000070ea00000, 0x000000070ea00000, 0x000000070ec00000|  0%| F|  |TAMS 0x000000070ea00000, 0x000000070ea00000| Untracked 
| 104|0x000000070ec00000, 0x000000070ec00000, 0x000000070ee00000|  0%| F|  |TAMS 0x000000070ec00000, 0x000000070ec00000| Untracked 
| 105|0x000000070ee00000, 0x000000070ee00000, 0x000000070f000000|  0%| F|  |TAMS 0x000000070ee00000, 0x000000070ee00000| Untracked 
| 106|0x000000070f000000, 0x000000070f000000, 0x000000070f200000|  0%| F|  |TAMS 0x000000070f000000, 0x000000070f000000| Untracked 
| 107|0x000000070f200000, 0x000000070f200000, 0x000000070f400000|  0%| F|  |TAMS 0x000000070f200000, 0x000000070f200000| Untracked 
| 108|0x000000070f400000, 0x000000070f400000, 0x000000070f600000|  0%| F|  |TAMS 0x000000070f400000, 0x000000070f400000| Untracked 
| 109|0x000000070f600000, 0x000000070f600000, 0x000000070f800000|  0%| F|  |TAMS 0x000000070f600000, 0x000000070f600000| Untracked 
| 110|0x000000070f800000, 0x000000070f800000, 0x000000070fa00000|  0%| F|  |TAMS 0x000000070f800000, 0x000000070f800000| Untracked 
| 111|0x000000070fa00000, 0x000000070fa00000, 0x000000070fc00000|  0%| F|  |TAMS 0x000000070fa00000, 0x000000070fa00000| Untracked 
| 112|0x000000070fc00000, 0x000000070fc00000, 0x000000070fe00000|  0%| F|  |TAMS 0x000000070fc00000, 0x000000070fc00000| Untracked 
| 113|0x000000070fe00000, 0x000000070fe00000, 0x0000000710000000|  0%| F|  |TAMS 0x000000070fe00000, 0x000000070fe00000| Untracked 
| 114|0x0000000710000000, 0x0000000710000000, 0x0000000710200000|  0%| F|  |TAMS 0x0000000710000000, 0x0000000710000000| Untracked 
| 115|0x0000000710200000, 0x0000000710200000, 0x0000000710400000|  0%| F|  |TAMS 0x0000000710200000, 0x0000000710200000| Untracked 
| 116|0x0000000710400000, 0x0000000710400000, 0x0000000710600000|  0%| F|  |TAMS 0x0000000710400000, 0x0000000710400000| Untracked 
| 117|0x0000000710600000, 0x0000000710600000, 0x0000000710800000|  0%| F|  |TAMS 0x0000000710600000, 0x0000000710600000| Untracked 
| 118|0x0000000710800000, 0x0000000710800000, 0x0000000710a00000|  0%| F|  |TAMS 0x0000000710800000, 0x0000000710800000| Untracked 
| 119|0x0000000710a00000, 0x0000000710a00000, 0x0000000710c00000|  0%| F|  |TAMS 0x0000000710a00000, 0x0000000710a00000| Untracked 
| 120|0x0000000710c00000, 0x0000000710c00000, 0x0000000710e00000|  0%| F|  |TAMS 0x0000000710c00000, 0x0000000710c00000| Untracked 
| 121|0x0000000710e00000, 0x0000000710e00000, 0x0000000711000000|  0%| F|  |TAMS 0x0000000710e00000, 0x0000000710e00000| Untracked 
| 122|0x0000000711000000, 0x0000000711000000, 0x0000000711200000|  0%| F|  |TAMS 0x0000000711000000, 0x0000000711000000| Untracked 
| 123|0x0000000711200000, 0x0000000711200000, 0x0000000711400000|  0%| F|  |TAMS 0x0000000711200000, 0x0000000711200000| Untracked 
| 124|0x0000000711400000, 0x0000000711400000, 0x0000000711600000|  0%| F|  |TAMS 0x0000000711400000, 0x0000000711400000| Untracked 
| 125|0x0000000711600000, 0x0000000711600000, 0x0000000711800000|  0%| F|  |TAMS 0x0000000711600000, 0x0000000711600000| Untracked 
| 126|0x0000000711800000, 0x0000000711871348, 0x0000000711a00000| 22%| E|  |TAMS 0x0000000711800000, 0x0000000711800000| Complete 
| 127|0x0000000711a00000, 0x0000000711c00000, 0x0000000711c00000|100%| E|CS|TAMS 0x0000000711a00000, 0x0000000711a00000| Complete 

Card table byte_map: [0x000001b4a8470000,0x000001b4a8c70000] _byte_map_base: 0x000001b4a4c62000

Marking Bits (Prev, Next): (CMBitMap*) 0x000001b491072b70, (CMBitMap*) 0x000001b491072bb0
 Prev Bits: [0x000001b4a9470000, 0x000001b4ad400000)
 Next Bits: [0x000001b4ad400000, 0x000001b4b1390000)

Polling page: 0x000001b48ef00000

Metaspace:

Usage:
  Non-class:    340.30 KB used.
      Class:     18.30 KB used.
       Both:    358.61 KB used.

Virtual space:
  Non-class space:       64.00 MB reserved,     448.00 KB ( <1%) committed,  1 nodes.
      Class space:        1.00 GB reserved,     128.00 KB ( <1%) committed,  1 nodes.
             Both:        1.06 GB reserved,     576.00 KB ( <1%) committed. 

Chunk freelists:
   Non-Class:  3.98 MB
       Class:  3.74 MB
        Both:  7.72 MB

MaxMetaspaceSize: unlimited
CompressedClassSpaceSize: 1.00 GB
Initial GC threshold: 21.00 MB
Current GC threshold: 21.00 MB
CDS: on
MetaspaceReclaimPolicy: balanced
 - commit_granule_bytes: 65536.
 - commit_granule_words: 8192.
 - virtual_space_node_default_size: 8388608.
 - enlarge_chunks_in_place: 1.
 - new_chunks_are_fully_committed: 0.
 - uncommit_free_chunks: 1.
 - use_allocation_guard: 0.


Internal statistics:

num_allocs_failed_limit: 0.
num_arena_births: 22.
num_arena_deaths: 0.
num_vsnodes_births: 2.
num_vsnodes_deaths: 0.
num_space_committed: 9.
num_space_uncommitted: 0.
num_chunks_returned_to_freelist: 0.
num_chunks_taken_from_freelist: 24.
num_chunk_merges: 0.
num_chunk_splits: 15.
num_chunks_enlarged: 9.
num_inconsistent_stats: 0.

CodeHeap 'non-profiled nmethods': size=120000Kb used=59Kb max_used=59Kb free=119941Kb
 bounds [0x000001b4a0410000, 0x000001b4a0680000, 0x000001b4a7940000]
CodeHeap 'profiled nmethods': size=120000Kb used=216Kb max_used=216Kb free=119783Kb
 bounds [0x000001b498ee0000, 0x000001b499150000, 0x000001b4a0410000]
CodeHeap 'non-nmethods': size=5760Kb used=1102Kb max_used=1102Kb free=4657Kb
 bounds [0x000001b498940000, 0x000001b498bb0000, 0x000001b498ee0000]
 total_blobs=565 nmethods=200 adapters=278
 compilation: enabled
              stopped_count=0, restarted_count=0
 full_count=0

Compilation events (20 events):
Event: 0.120 Thread 0x000001b4b3da9db0 nmethod 117 0x000001b4a0419390 code [0x000001b4a0419520, 0x000001b4a04195f8]
Event: 0.120 Thread 0x000001b4b3da9db0  122       3       java.util.HashMap$HashIterator::<init> (79 bytes)
Event: 0.121 Thread 0x000001b4b3da9db0 nmethod 122 0x000001b498f00b90 code [0x000001b498f00d40, 0x000001b498f01198]
Event: 0.121 Thread 0x000001b4b3da9db0  123       3       java.util.HashMap::containsKey (14 bytes)
Event: 0.121 Thread 0x000001b4b3da9db0 nmethod 123 0x000001b498f01310 code [0x000001b498f014c0, 0x000001b498f01668]
Event: 0.121 Thread 0x000001b4b3da9db0  124       3       java.lang.String::<init> (15 bytes)
Event: 0.121 Thread 0x000001b4b3da9db0 nmethod 124 0x000001b498f01710 code [0x000001b498f018a0, 0x000001b498f01a78]
Event: 0.121 Thread 0x000001b4b3da9db0  126       3       java.util.HashMap::keySet (25 bytes)
Event: 0.121 Thread 0x000001b4b3da9db0 nmethod 126 0x000001b498f01b10 code [0x000001b498f01cc0, 0x000001b498f020b8]
Event: 0.121 Thread 0x000001b4b3da9db0  131       3       java.lang.module.ResolvedModule::hashCode (16 bytes)
Event: 0.122 Thread 0x000001b4b3da9db0 nmethod 131 0x000001b498f02210 code [0x000001b498f023c0, 0x000001b498f025f8]
Event: 0.122 Thread 0x000001b4b3da9db0  127       3       java.util.HashMap$KeySet::iterator (12 bytes)
Event: 0.122 Thread 0x000001b4b3da9db0 nmethod 127 0x000001b498f02710 code [0x000001b498f028c0, 0x000001b498f02ac8]
Event: 0.122 Thread 0x000001b4b3da9db0  128       3       java.util.HashMap$KeyIterator::<init> (6 bytes)
Event: 0.122 Thread 0x000001b4b3da9db0 nmethod 128 0x000001b498f02b90 code [0x000001b498f02d20, 0x000001b498f02e68]
Event: 0.122 Thread 0x000001b4b3da9db0  132       1       java.util.KeyValueHolder::getKey (5 bytes)
Event: 0.122 Thread 0x000001b4b3da9db0 nmethod 132 0x000001b4a0419690 code [0x000001b4a0419820, 0x000001b4a04198f8]
Event: 0.122 Thread 0x000001b4b3da9db0  133       1       java.util.KeyValueHolder::getValue (5 bytes)
Event: 0.122 Thread 0x000001b4b3da9db0 nmethod 133 0x000001b4a0419990 code [0x000001b4a0419b20, 0x000001b4a0419bf8]
Event: 0.122 Thread 0x000001b4b3da9db0  135       3       java.util.concurrent.ConcurrentHashMap::putIfAbsent (8 bytes)

GC Heap History (0 events):
No events

Deoptimization events (0 events):
No events

Classes loaded (0 events):
No events

Classes unloaded (0 events):
No events

Classes redefined (0 events):
No events

Internal exceptions (0 events):
No events

VM Operations (2 events):
Event: 0.111 Executing VM operation: HandshakeAllThreads
Event: 0.111 Executing VM operation: HandshakeAllThreads done

Events (13 events):
Event: 0.014 Loaded shared library C:\Users\HP\.jdks\openjdk-18.0.1.1\bin\java.dll
Event: 0.033 Loaded shared library C:\Users\HP\.jdks\openjdk-18.0.1.1\bin\jsvml.dll
Event: 0.033 Thread 0x000001b490fff460 Thread added: 0x000001b490fff460
Event: 0.038 Thread 0x000001b4b3d5e660 Thread added: 0x000001b4b3d5e660
Event: 0.038 Thread 0x000001b4b3d5f1d0 Thread added: 0x000001b4b3d5f1d0
Event: 0.058 Thread 0x000001b4b3d785d0 Thread added: 0x000001b4b3d785d0
Event: 0.058 Thread 0x000001b4b3d78e80 Thread added: 0x000001b4b3d78e80
Event: 0.058 Thread 0x000001b4b3d7b740 Thread added: 0x000001b4b3d7b740
Event: 0.058 Thread 0x000001b4b3d7bff0 Thread added: 0x000001b4b3d7bff0
Event: 0.058 Thread 0x000001b4b3d84d20 Thread added: 0x000001b4b3d84d20
Event: 0.059 Thread 0x000001b4b3da9db0 Thread added: 0x000001b4b3da9db0
Event: 0.059 Thread 0x000001b4b3db5100 Thread added: 0x000001b4b3db5100
Event: 0.098 Thread 0x000001b4b3d4bcc0 Thread added: 0x000001b4b3d4bcc0


Dynamic libraries:
0x00007ff6f3ea0000 - 0x00007ff6f3eae000 	C:\Users\HP\.jdks\openjdk-18.0.1.1\bin\java.exe
0x00007ff84ee50000 - 0x00007ff84f048000 	C:\Windows\SYSTEM32\ntdll.dll
0x00007ff84ecf0000 - 0x00007ff84edaf000 	C:\Windows\System32\KERNEL32.DLL
0x00007ff84c830000 - 0x00007ff84cb02000 	C:\Windows\System32\KERNELBASE.dll
0x00007ff84c730000 - 0x00007ff84c830000 	C:\Windows\System32\ucrtbase.dll
0x00007ff844e50000 - 0x00007ff844e6a000 	C:\Users\HP\.jdks\openjdk-18.0.1.1\bin\VCRUNTIME140.dll
0x00007ff844ef0000 - 0x00007ff844f07000 	C:\Users\HP\.jdks\openjdk-18.0.1.1\bin\jli.dll
0x00007ff84dcd0000 - 0x00007ff84de6d000 	C:\Windows\System32\USER32.dll
0x00007ff84cc00000 - 0x00007ff84cc22000 	C:\Windows\System32\win32u.dll
0x00007ff84dab0000 - 0x00007ff84dadb000 	C:\Windows\System32\GDI32.dll
0x00007ff832450000 - 0x00007ff8326ea000 	C:\Windows\WinSxS\amd64_microsoft.windows.common-controls_6595b64144ccf1df_6.0.19041.1110_none_60b5254171f9507e\COMCTL32.dll
0x00007ff84cc30000 - 0x00007ff84cd3f000 	C:\Windows\System32\gdi32full.dll
0x00007ff84d990000 - 0x00007ff84da2e000 	C:\Windows\System32\msvcrt.dll
0x00007ff84cb10000 - 0x00007ff84cbad000 	C:\Windows\System32\msvcp_win.dll
0x00007ff84eb60000 - 0x00007ff84eb92000 	C:\Windows\System32\IMM32.DLL
0x00007ff845100000 - 0x00007ff84510c000 	C:\Users\HP\.jdks\openjdk-18.0.1.1\bin\vcruntime140_1.dll
0x00007ff834a70000 - 0x00007ff834afd000 	C:\Users\HP\.jdks\openjdk-18.0.1.1\bin\msvcp140.dll
0x00007ffffc620000 - 0x00007ffffd230000 	C:\Users\HP\.jdks\openjdk-18.0.1.1\bin\server\jvm.dll
0x00007ff84cea0000 - 0x00007ff84cf4e000 	C:\Windows\System32\ADVAPI32.dll
0x00007ff84ea10000 - 0x00007ff84eaac000 	C:\Windows\System32\sechost.dll
0x00007ff84ded0000 - 0x00007ff84dff5000 	C:\Windows\System32\RPCRT4.dll
0x00007ff84cf50000 - 0x00007ff84cf58000 	C:\Windows\System32\PSAPI.DLL
0x00007ff81bf70000 - 0x00007ff81bf79000 	C:\Windows\SYSTEM32\WSOCK32.dll
0x00007ff84ec60000 - 0x00007ff84eccb000 	C:\Windows\System32\WS2_32.dll
0x00007ff834840000 - 0x00007ff834867000 	C:\Windows\SYSTEM32\WINMM.dll
0x00007ff8439f0000 - 0x00007ff8439fa000 	C:\Windows\SYSTEM32\VERSION.dll
0x00007ff84ada0000 - 0x00007ff84adb2000 	C:\Windows\SYSTEM32\kernel.appcore.dll
0x00007ff845070000 - 0x00007ff84507a000 	C:\Users\HP\.jdks\openjdk-18.0.1.1\bin\jimage.dll
0x00007ff847390000 - 0x00007ff847574000 	C:\Windows\SYSTEM32\DBGHELP.DLL
0x00007ff82c000000 - 0x00007ff82c02c000 	C:\Windows\SYSTEM32\dbgcore.DLL
0x00007ff84c600000 - 0x00007ff84c682000 	C:\Windows\System32\bcryptPrimitives.dll
0x00007ff844ed0000 - 0x00007ff844ede000 	C:\Users\HP\.jdks\openjdk-18.0.1.1\bin\instrument.dll
0x00007ff843a60000 - 0x00007ff843a85000 	C:\Users\HP\.jdks\openjdk-18.0.1.1\bin\java.dll
0x00007ff834340000 - 0x00007ff834416000 	C:\Users\HP\.jdks\openjdk-18.0.1.1\bin\jsvml.dll
0x00007ff84e210000 - 0x00007ff84e953000 	C:\Windows\System32\SHELL32.dll
0x00007ff847580000 - 0x00007ff847d12000 	C:\Windows\SYSTEM32\windows.storage.dll
0x00007ff84d1c0000 - 0x00007ff84d514000 	C:\Windows\System32\combase.dll
0x00007ff84bfb0000 - 0x00007ff84bfe0000 	C:\Windows\SYSTEM32\Wldp.dll
0x00007ff84eab0000 - 0x00007ff84eb5d000 	C:\Windows\System32\SHCORE.dll
0x00007ff84edb0000 - 0x00007ff84ee05000 	C:\Windows\System32\shlwapi.dll
0x00007ff84c490000 - 0x00007ff84c4af000 	C:\Windows\SYSTEM32\profapi.dll
0x00007ff844df0000 - 0x00007ff844e08000 	C:\Users\HP\.jdks\openjdk-18.0.1.1\bin\zip.dll
0x00007ff844dc0000 - 0x00007ff844dd3000 	C:\Users\HP\.jdks\openjdk-18.0.1.1\bin\net.dll
0x00007ff835fb0000 - 0x00007ff8360bc000 	C:\Windows\SYSTEM32\WINHTTP.dll
0x00007ff84bd10000 - 0x00007ff84bd7a000 	C:\Windows\system32\mswsock.dll
0x00007ff843bd0000 - 0x00007ff843be6000 	C:\Users\HP\.jdks\openjdk-18.0.1.1\bin\nio.dll

dbghelp: loaded successfully - version: 4.0.5 - missing functions: none
symbol engine: initialized successfully - sym options: 0x614 - pdb path: .;C:\Users\HP\.jdks\openjdk-18.0.1.1\bin;C:\Windows\SYSTEM32;C:\Windows\WinSxS\amd64_microsoft.windows.common-controls_6595b64144ccf1df_6.0.19041.1110_none_60b5254171f9507e;C:\Users\HP\.jdks\openjdk-18.0.1.1\bin\server;C:\Program Files\JetBrains\IntelliJ IDEA 2022.1\bin

VM Arguments:
jvm_args: -javaagent:C:\Program Files\JetBrains\IntelliJ IDEA 2022.1\lib\idea_rt.jar=63335:C:\Program Files\JetBrains\IntelliJ IDEA 2022.1\bin -Dfile.encoding=UTF-8 
java_command: Main
java_class_path (initial): C:\My Folders\Abdo\FCAI\Subjects\Third year\First term\Data Compression\Ass\Huffman_coding\out\production\Huffman_coding
Launcher Type: SUN_STANDARD

[Global flags]
     intx CICompilerCount                          = 4                                         {product} {ergonomic}
     uint ConcGCThreads                            = 2                                         {product} {ergonomic}
     uint G1ConcRefinementThreads                  = 8                                         {product} {ergonomic}
   size_t G1HeapRegionSize                         = 2097152                                   {product} {ergonomic}
    uintx GCDrainStackTargetSize                   = 64                                        {product} {ergonomic}
   size_t InitialHeapSize                          = 268435456                                 {product} {ergonomic}
   size_t MarkStackSize                            = 4194304                                   {product} {ergonomic}
   size_t MaxHeapSize                              = 4265607168                                {product} {ergonomic}
   size_t MaxNewSize                               = 2558525440                                {product} {ergonomic}
   size_t MinHeapDeltaBytes                        = 2097152                                   {product} {ergonomic}
   size_t MinHeapSize                              = 8388608                                   {product} {ergonomic}
    uintx NonNMethodCodeHeapSize                   = 5839372                                {pd product} {ergonomic}
    uintx NonProfiledCodeHeapSize                  = 122909434                              {pd product} {ergonomic}
    uintx ProfiledCodeHeapSize                     = 122909434                              {pd product} {ergonomic}
    uintx ReservedCodeCacheSize                    = 251658240                              {pd product} {ergonomic}
     bool SegmentedCodeCache                       = true                                      {product} {ergonomic}
   size_t SoftMaxHeapSize                          = 4265607168                             {manageable} {ergonomic}
     bool UseCompressedClassPointers               = true                           {product lp64_product} {ergonomic}
     bool UseCompressedOops                        = true                           {product lp64_product} {ergonomic}
     bool UseG1GC                                  = true                                      {product} {ergonomic}
     bool UseLargePagesIndividualAllocation        = false                                  {pd product} {ergonomic}

Logging:
Log output configuration:
 #0: stdout all=warning uptime,level,tags foldmultilines=false
 #1: stderr all=off uptime,level,tags foldmultilines=false

Environment Variables:
PATH=C:\Program Files\Python310\Scripts\;C:\Program Files\Python310\;C:\Windows\system32;C:\Windows;C:\Windows\System32\Wbem;C:\Windows\System32\WindowsPowerShell\v1.0\;C:\Windows\System32\OpenSSH\;C:\Program Files\Microsoft SQL Server\Client SDK\ODBC\170\Tools\Binn\;C:\Program Files (x86)\Microsoft SQL Server\150\Tools\Binn\;C:\Program Files\Microsoft SQL Server\150\Tools\Binn\;C:\Program Files\Microsoft SQL Server\150\DTS\Binn\;C:\Program Files (x86)\Microsoft SQL Server\150\DTS\Binn\;C:\Program Files\Azure Data Studio\bin;C:\Program Files\nodejs\;C:\Program Files\dotnet\;C:\Users\HP\AppData\Local\Microsoft\WindowsApps;;C:\Users\HP\AppData\Local\Programs\Microsoft VS Code\bin;C:\Program Files\Azure Data Studio\bin;C:\Users\HP\AppData\Roaming\npm;C:\Users\HP\.dotnet\tools
USERNAME=HP
OS=Windows_NT
PROCESSOR_IDENTIFIER=Intel64 Family 6 Model 94 Stepping 3, GenuineIntel



---------------  S Y S T E M  ---------------

OS:
 Windows 10 , 64 bit Build 19041 (10.0.19041.2251)
OS uptime: 0 days 23:55 hours

CPU: total 8 (initial active 8) (4 cores per cpu, 2 threads per core) family 6 model 94 stepping 3 microcode 0xcc, cx8, cmov, fxsr, ht, mmx, 3dnowpref, sse, sse2, sse3, ssse3, sse4.1, sse4.2, popcnt, lzcnt, tsc, tscinvbit, avx, avx2, aes, erms, clmul, bmi1, bmi2, rtm, adx, fma, vzeroupper, clflush, clflushopt

Memory: 4k page, system-wide physical 16264M (2771M free)
TotalPageFile size 19837M (AvailPageFile size 4M)
current process WorkingSet (physical memory assigned to process): 31M, peak: 31M
current process commit charge ("private bytes"): 342M, peak: 342M

vm_info: OpenJDK 64-Bit Server VM (18.0.1.1+2-6) for windows-amd64 JRE (18.0.1.1+2-6), built on Apr 25 2022 21:50:56 by "mach5one" with MS VC++ 16.8 / 16.9 (VS2019)

END.
